#
# There is insufficient memory for the Java Runtime Environment to continue.
# Native memory allocation (mmap) failed to map 268435456 bytes for Failed to commit area from 0x0000000700e00000 to 0x0000000710e00000 of length 268435456.
# Possible reasons:
#   The system is out of physical RAM or swap space
#   The process is running with CompressedOops enabled, and the Java Heap may be blocking the growth of the native heap
# Possible solutions:
#   Reduce memory load on the system
#   Increase physical memory or swap space
#   Check if swap backing store is full
#   Decrease Java heap size (-Xmx/-Xms)
#   Decrease number of Java threads
#   Decrease Java thread stack sizes (-Xss)
#   Set larger code cache with -XX:ReservedCodeCacheSize=
# This output file may be truncated or incomplete.
#
#  Out of Memory Error (./src/hotspot/os/windows/os_windows.cpp:3619), pid=9668, tid=2564
#
# JRE version:  (11.0.13+7) (build )
# Java VM: OpenJDK 64-Bit Server VM (11.0.13+7-b1751.19, mixed mode, sharing, tiered, compressed oops, g1 gc, windows-amd64)
# No core dump will be written. Minidumps are not enabled by default on client versions of Windows
#

---------------  S U M M A R Y ------------

Command Line: git4idea.http.GitAskPassApp Username for 'https://github.com': 

Host: Intel(R) Core(TM) i5-2400 CPU @ 3.10GHz, 4 cores, 15G,  Windows 10 , 64 bit Build 14393 (10.0.14393.2969)
Time: Sun Jul  3 14:49:55 2022 Oeieyiaey (eaoi) elapsed time: 0.019544 seconds (0d 0h 0m 0s)

---------------  T H R E A D  ---------------

Current thread (0x000001e7d6953800):  JavaThread "Unknown thread" [_thread_in_vm, id=2564, stack(0x0000008d28a00000,0x0000008d28b00000)]

Stack: [0x0000008d28a00000,0x0000008d28b00000]
Native frames: (J=compiled Java code, j=interpreted, Vv=VM code, C=native code)
V  [jvm.dll+0x613ada]
V  [jvm.dll+0x799a80]
V  [jvm.dll+0x79b09d]
V  [jvm.dll+0x79b773]
V  [jvm.dll+0x24c4c8]
V  [jvm.dll+0x610b64]
V  [jvm.dll+0x605855]
V  [jvm.dll+0x30aaeb]
V  [jvm.dll+0x30aa5a]
V  [jvm.dll+0x30a932]
V  [jvm.dll+0x30f896]
V  [jvm.dll+0x359293]
V  [jvm.dll+0x359996]
V  [jvm.dll+0x359393]
V  [jvm.dll+0x2e5308]
V  [jvm.dll+0x2e64b7]
V  [jvm.dll+0x7769c7]
V  [jvm.dll+0x7781bc]
V  [jvm.dll+0x366829]
V  [jvm.dll+0x75a52e]
V  [jvm.dll+0x3d4923]
V  [jvm.dll+0x3d6e91]
C  [jli.dll+0x536b]
C  [ucrtbase.dll+0x1f4a0]
C  [KERNEL32.DLL+0x84d4]
C  [ntdll.dll+0x6e8b1]


---------------  P R O C E S S  ---------------

Threads class SMR info:
_java_thread_list=0x000001e7d4814fe0, length=0, elements={
}

Java Threads: ( => current thread )

Other Threads:
  0x000001e7d696d000 GCTaskThread "GC Thread#0" [stack: 0x0000008d28b00000,0x0000008d28c00000] [id=7364]
  0x000001e7d69c8800 ConcurrentGCThread "G1 Main Marker" [stack: 0x0000008d28c00000,0x0000008d28d00000] [id=5500]
  0x000001e7d69ca000 ConcurrentGCThread "G1 Conc#0" [stack: 0x0000008d28d00000,0x0000008d28e00000] [id=6488]

[error occurred during error reporting (printing all threads), id 0xc0000005, EXCEPTION_ACCESS_VIOLATION (0xc0000005) at pc=0x00007ff900bd5b77]

VM state:not at safepoint (not fully initialized)

VM Mutex/Monitor currently owned by a thread:  ([mutex/lock_event])
[0x000001e7d48099b0] Heap_lock - owner thread: 0x000001e7d6953800

Heap address: 0x0000000700e00000, size: 4082 MB, Compressed Oops mode: Non-zero based: 0x0000000700e00000
Narrow klass base: 0x0000000000000000, Narrow klass shift: 0

GC Heap History (0 events):
No events

Deoptimization events (0 events):
No events

Classes redefined (0 events):
No events

Internal exceptions (0 events):
No events

Events (1 events):
Event: 0.012 Loaded shared library C:\Program Files\JetBrains\IntelliJ IDEA 2021.3\jbr\bin\zip.dll


Dynamic libraries:
0x00007ff679050000 - 0x00007ff67905a000 	C:\Program Files\JetBrains\IntelliJ IDEA 2021.3\jbr\bin\java.exe
0x00007ff932400000 - 0x00007ff9325d0000 	C:\Windows\SYSTEM32\ntdll.dll
0x00007ff92f990000 - 0x00007ff92fa3c000 	C:\Windows\System32\KERNEL32.DLL
0x00007ff92e8f0000 - 0x00007ff92eb0d000 	C:\Windows\System32\KERNELBASE.dll
0x00007ff92ebc0000 - 0x00007ff92ecb4000 	C:\Windows\System32\ucrtbase.dll
0x00007ff914570000 - 0x00007ff914589000 	C:\Program Files\JetBrains\IntelliJ IDEA 2021.3\jbr\bin\jli.dll
0x00007ff913070000 - 0x00007ff913087000 	C:\Program Files\JetBrains\IntelliJ IDEA 2021.3\jbr\bin\VCRUNTIME140.dll
0x00007ff931830000 - 0x00007ff931995000 	C:\Windows\System32\USER32.dll
0x00007ff92f730000 - 0x00007ff92f74e000 	C:\Windows\System32\win32u.dll
0x00007ff91f650000 - 0x00007ff91f8ca000 	C:\Windows\WinSxS\amd64_microsoft.windows.common-controls_6595b64144ccf1df_6.0.14393.3053_none_7de042968342015d\COMCTL32.dll
0x00007ff931780000 - 0x00007ff9317b4000 	C:\Windows\System32\GDI32.dll
0x00007ff92f750000 - 0x00007ff92f8d1000 	C:\Windows\System32\gdi32full.dll
0x00007ff931ed0000 - 0x00007ff931f6e000 	C:\Windows\System32\msvcrt.dll
0x00007ff931440000 - 0x00007ff931705000 	C:\Windows\System32\combase.dll
0x00007ff931b10000 - 0x00007ff931c31000 	C:\Windows\System32\RPCRT4.dll
0x00007ff92f620000 - 0x00007ff92f68a000 	C:\Windows\System32\bcryptPrimitives.dll
0x00007ff9313b0000 - 0x00007ff9313de000 	C:\Windows\System32\IMM32.DLL
0x00007ff8ee6d0000 - 0x00007ff8ee76d000 	C:\Program Files\JetBrains\IntelliJ IDEA 2021.3\jbr\bin\msvcp140.dll
0x00007ff9008e0000 - 0x00007ff901456000 	C:\Program Files\JetBrains\IntelliJ IDEA 2021.3\jbr\bin\server\jvm.dll
0x00007ff931d80000 - 0x00007ff931e22000 	C:\Windows\System32\ADVAPI32.dll
0x00007ff92fa40000 - 0x00007ff92fa99000 	C:\Windows\System32\sechost.dll
0x00007ff931820000 - 0x00007ff931828000 	C:\Windows\System32\PSAPI.DLL
0x00007ff91c910000 - 0x00007ff91c919000 	C:\Windows\SYSTEM32\WSOCK32.dll
0x00007ff92cd00000 - 0x00007ff92cd23000 	C:\Windows\SYSTEM32\WINMM.dll
0x00007ff92b4f0000 - 0x00007ff92b4fa000 	C:\Windows\SYSTEM32\VERSION.dll
0x00007ff92cca0000 - 0x00007ff92cccb000 	C:\Windows\SYSTEM32\WINMMBASE.dll
0x00007ff931710000 - 0x00007ff93177a000 	C:\Windows\System32\WS2_32.dll
0x00007ff92ee90000 - 0x00007ff92eed2000 	C:\Windows\System32\cfgmgr32.dll
0x00007ff92e860000 - 0x00007ff92e86f000 	C:\Windows\System32\kernel.appcore.dll
0x00007ff91c1b0000 - 0x00007ff91c1c1000 	C:\Program Files\JetBrains\IntelliJ IDEA 2021.3\jbr\bin\verify.dll
0x00007ff919960000 - 0x00007ff919af2000 	C:\Windows\SYSTEM32\DBGHELP.DLL
0x00007ff920370000 - 0x00007ff920399000 	C:\Windows\SYSTEM32\dbgcore.DLL
0x00007ff91b630000 - 0x00007ff91b659000 	C:\Program Files\JetBrains\IntelliJ IDEA 2021.3\jbr\bin\java.dll
0x00007ff91c1a0000 - 0x00007ff91c1ab000 	C:\Program Files\JetBrains\IntelliJ IDEA 2021.3\jbr\bin\jimage.dll
0x00007ff9176b0000 - 0x00007ff9176c8000 	C:\Program Files\JetBrains\IntelliJ IDEA 2021.3\jbr\bin\zip.dll

dbghelp: loaded successfully - version: 4.0.5 - missing functions: none
symbol engine: initialized successfully - sym options: 0x614 - pdb path: .;C:\Program Files\JetBrains\IntelliJ IDEA 2021.3\jbr\bin;C:\Windows\SYSTEM32;C:\Windows\WinSxS\amd64_microsoft.windows.common-controls_6595b64144ccf1df_6.0.14393.3053_none_7de042968342015d;C:\Program Files\JetBrains\IntelliJ IDEA 2021.3\jbr\bin\server

VM Arguments:
java_command: git4idea.http.GitAskPassApp Username for 'https://github.com': 
java_class_path (initial): C:/Program Files/JetBrains/IntelliJ IDEA 2021.3/plugins/git4idea/lib/git4idea-rt.jar;C:/Program Files/JetBrains/IntelliJ IDEA 2021.3/lib/3rd-party.jar;C:/Program Files/JetBrains/IntelliJ IDEA 2021.3/lib/3rd-party-rt.jar
Launcher Type: SUN_STANDARD

[Global flags]
     intx CICompilerCount                          = 3                                         {product} {ergonomic}
     uint ConcGCThreads                            = 1                                         {product} {ergonomic}
     uint G1ConcRefinementThreads                  = 4                                         {product} {ergonomic}
   size_t G1HeapRegionSize                         = 1048576                                   {product} {ergonomic}
    uintx GCDrainStackTargetSize                   = 64                                        {product} {ergonomic}
   size_t InitialHeapSize                          = 268435456                                 {product} {ergonomic}
   size_t MarkStackSize                            = 4194304                                   {product} {ergonomic}
   size_t MaxHeapSize                              = 4280287232                                {product} {ergonomic}
   size_t MinHeapDeltaBytes                        = 1048576                                   {product} {ergonomic}
    uintx NonNMethodCodeHeapSize                   = 5830732                                {pd product} {ergonomic}
    uintx NonProfiledCodeHeapSize                  = 122913754                              {pd product} {ergonomic}
    uintx ProfiledCodeHeapSize                     = 122913754                              {pd product} {ergonomic}
    uintx ReservedCodeCacheSize                    = 251658240                              {pd product} {ergonomic}
     bool SegmentedCodeCache                       = true                                      {product} {ergonomic}
     bool UseCompressedClassPointers               = true                                 {lp64_product} {ergonomic}
     bool UseCompressedOops                        = true                                 {lp64_product} {ergonomic}
     bool UseG1GC                                  = true                                      {product} {ergonomic}
     bool UseLargePagesIndividualAllocation        = false                                  {pd product} {ergonomic}

Logging:
Log output configuration:
 #0: stdout all=warning uptime,level,tags
 #1: stderr all=off uptime,level,tags

Environment Variables:
PATH=C:\Program Files\Git\mingw64\libexec\git-core;C:\Program Files\Git\mingw64\libexec\git-core;C:\Program Files\Git\mingw64\bin;C:\Program Files\Git\usr\bin;C:\Users\Aegis\bin;C:\Program Files (x86)\Common Files\Intel\Shared Libraries\redist\intel64\compiler;C:\Program Files\Common Files\Oracle\Java\javapath;C:\ProgramData\Oracle\Java\javapath;C:\Windows\system32;C:\Windows;C:\Windows\System32\Wbem;C:\Windows\System32\WindowsPowerShell\v1.0;C:\Program Files\NVIDIA Corporation\NVIDIA NvDLISR;C:\Program Files (x86)\NVIDIA Corporation\PhysX\Common;C:\Program Files\wget;C:\Program Files\nodejs;C:\Maven\bin;C:\Program Files\Git\cmd;C:\Users\Aegis\AppData\Local\Microsoft\WindowsApps;C:\Users\Aegis\AppData\Local\Programs\Microsoft VS Code\bin;C:\Program Files\JetBrains\WebStorm 2021.3\bin;C:\Program Files\JetBrains\IntelliJ IDEA 2021.3\bin;C:\Users\Aegis\AppData\Roaming\npm
USERNAME=Aegis
DISPLAY=:0.0
LC_ALL=en_US.UTF-8
OS=Windows_NT
PROCESSOR_IDENTIFIER=Intel64 Family 6 Model 42 Stepping 7, GenuineIntel



---------------  S Y S T E M  ---------------

OS: Windows 10 , 64 bit Build 14393 (10.0.14393.2969)
OS uptime: 0 days 5:01 hours

CPU:total 4 (initial active 4) (4 cores per cpu, 1 threads per core) family 6 model 42 stepping 7 microcode 0x29, cmov, cx8, fxsr, mmx, sse, sse2, sse3, ssse3, sse4.1, sse4.2, popcnt, avx, aes, clmul, tsc, tscinvbit

Memory: 4k page, system-wide physical 16326M (727M free)
TotalPageFile size 16326M (AvailPageFile size 249M)
current process WorkingSet (physical memory assigned to process): 10M, peak: 10M
current process commit charge ("private bytes"): 51M, peak: 307M

vm_info: OpenJDK 64-Bit Server VM (11.0.13+7-b1751.19) for windows-amd64 JRE (11.0.13+7-b1751.19), built on Nov  9 2021 11:31:28 by "" with MS VC++ 14.0 (VS2015)

END.
